C251 COMPILER V5.60.0,  LineHunting                                                        14/05/23  15:31:35  PAGE 1   


C251 COMPILER V5.60.0, COMPILATION OF MODULE LineHunting
OBJECT MODULE PLACED IN .\MDK\Obj\LineHunting.obj
COMPILER INVOKED BY: D:\Program\Keil_v5\C251\BIN\C251.EXE CORE\Src\LineHunting.c XSMALL INTR2 OPTIMIZE(0,SPEED) BROWSE I
                    -NCDIR(.\Driver;.\Driver\Inc;.\Driver\Isr;.\CORE\Inc;.\bsp\include) DEBUG PRINT(.\MDK\List\LineHunting.lst) TABS(2) OBJEC
                    -T(.\MDK\Obj\LineHunting.obj) 

stmt  level    source

    1          #include "LineHunting.h"
    2          
    3          float LineHunting_process(LineHunting_t *line)
    4          {
    5   1        float out;
    6   1      
    7   1        out=(float)( (line->LineHunting_adc[2])*1+(line->LineHunting_adc[1])*100+(line->LineHunting_adc[0])*199 
             -) /
    8   1         (float)((line->LineHunting_adc[0])+(line->LineHunting_adc[1])+(line->LineHunting_adc[2]));
    9   1      
   10   1        return out;
   11   1      }


Module Information          Static   Overlayable
------------------------------------------------
  code size            =       130     ------
  ecode size           =    ------     ------
  data size            =    ------     ------
  idata size           =    ------     ------
  pdata size           =    ------     ------
  xdata size           =    ------     ------
  xdata-const size     =    ------     ------
  edata size           =         8     ------
  bit size             =    ------     ------
  ebit size            =    ------     ------
  bitaddressable size  =    ------     ------
  ebitaddressable size =    ------     ------
  far data size        =    ------     ------
  huge data size       =    ------     ------
  const size           =    ------     ------
  hconst size          =    ------     ------
End of Module Information.


C251 COMPILATION COMPLETE.  0 WARNING(S),  0 ERROR(S)
