C251 COMPILER V5.60.0,  STC32G_RTC_Isr                                                     14/05/23  10:09:45  PAGE 1   


C251 COMPILER V5.60.0, COMPILATION OF MODULE STC32G_RTC_Isr
OBJECT MODULE PLACED IN .\MDK\Obj\STC32G_RTC_Isr.obj
COMPILER INVOKED BY: D:\Program\Keil_v5\C251\BIN\C251.EXE Driver\Isr\STC32G_RTC_Isr.c XSMALL INTR2 OPTIMIZE(0,SPEED) BRO
                    -WSE INCDIR(.\Driver;.\Driver\Inc;.\Driver\Isr;.\CORE\Inc;.\bsp\include) DEBUG PRINT(.\MDK\List\STC32G_RTC_Isr.lst) TABS(
                    -2) OBJECT(.\MDK\Obj\STC32G_RTC_Isr.obj) 

stmt  level    source

    1          #include  "STC32G_RTC.h"
    2          
    3          bit B_1S;
    4          bit B_Alarm;
    5          
    6          //========================================================================
    7          // 函数: RTC_ISR_Handler
    8          // 描述: RTC中断函数.
    9          // 参数: none.
   10          // 返回: none.
   11          // 版本: V1.0, 2022-03-21
   12          //========================================================================
   13          void RTC_ISR_Handler (void) interrupt RTC_VECTOR
   14          {
   15   1        // TODO: 在此处添加用户代码
   16   1        if(RTCIF & 0x80)    //闹钟中断
   17   1        {
   18   2          P01 = !P01;
   19   2          RTCIF &= ~0x80;
   20   2          B_Alarm = 1;
   21   2        }
   22   1      
   23   1        if(RTCIF & 0x08)    //秒中断
   24   1        {
   25   2          P00 = !P00;
   26   2          RTCIF &= ~0x08;
   27   2          B_1S = 1;
   28   2        }
   29   1      }
   30          
   31          


Module Information          Static   Overlayable
------------------------------------------------
  code size            =       108     ------
  ecode size           =    ------     ------
  data size            =    ------     ------
  idata size           =    ------     ------
  pdata size           =    ------     ------
  xdata size           =    ------     ------
  xdata-const size     =    ------     ------
  edata size           =    ------     ------
  bit size             =         2     ------
  ebit size            =    ------     ------
  bitaddressable size  =    ------     ------
  ebitaddressable size =    ------     ------
  far data size        =    ------     ------
  huge data size       =    ------     ------
  const size           =    ------     ------
  hconst size          =    ------     ------
End of Module Information.


C251 COMPILATION COMPLETE.  0 WARNING(S),  0 ERROR(S)
