C251 COMPILER V5.60.0,  STC32G_LIN_Isr                                                     14/05/23  10:09:45  PAGE 1   


C251 COMPILER V5.60.0, COMPILATION OF MODULE STC32G_LIN_Isr
OBJECT MODULE PLACED IN .\MDK\Obj\STC32G_LIN_Isr.obj
COMPILER INVOKED BY: D:\Program\Keil_v5\C251\BIN\C251.EXE Driver\Isr\STC32G_LIN_Isr.c XSMALL INTR2 OPTIMIZE(0,SPEED) BRO
                    -WSE INCDIR(.\Driver;.\Driver\Inc;.\Driver\Isr;.\CORE\Inc;.\bsp\include) DEBUG PRINT(.\MDK\List\STC32G_LIN_Isr.lst) TABS(
                    -2) OBJECT(.\MDK\Obj\STC32G_LIN_Isr.obj) 

stmt  level    source

    1          #include  "STC32G_LIN.h"
    2          
    3          bit LinRxFlag;
    4          
    5          //========================================================================
    6          // 函数: LIN_ISR_Handler
    7          // 描述: LIN中断函数.
    8          // 参数: none.
    9          // 返回: none.
   10          // 版本: V1.0, 2022-03-28
   11          //========================================================================
   12          void LIN_ISR_Handler (void) interrupt LIN_VECTOR
   13          {
   14   1        u8 isr;
   15   1        u8 arTemp;
   16   1        arTemp = LINAR;     //LINAR 现场保存，避免主循环里写完 LINAR 后产生中断，在中断里修改了 LINAR 内容
   17   1        
   18   1        isr = LinReadReg(LSR);    //读取寄存器清除状态标志位
   19   1        if((isr & 0x03) == 0x03)
   20   1        {
   21   2          isr = LinReadReg(LER);
   22   2          if(isr == 0x00)   //No Error
   23   2          {
   24   3            LinRxFlag = 1;
   25   3          }
   26   2        }
   27   1        else
   28   1        {
   29   2          isr = LinReadReg(LER);  //读取清除错误寄存器
   30   2        }
   31   1      
   32   1        LINAR = arTemp;    //LINAR 现场恢复
   33   1      }
   34          
   35          


Module Information          Static   Overlayable
------------------------------------------------
  code size            =       110     ------
  ecode size           =    ------     ------
  data size            =    ------     ------
  idata size           =    ------     ------
  pdata size           =    ------     ------
  xdata size           =    ------     ------
  xdata-const size     =    ------     ------
  edata size           =         2     ------
  bit size             =         1     ------
  ebit size            =    ------     ------
  bitaddressable size  =    ------     ------
  ebitaddressable size =    ------     ------
  far data size        =    ------     ------
  huge data size       =    ------     ------
  const size           =    ------     ------
  hconst size          =    ------     ------
End of Module Information.


C251 COMPILATION COMPLETE.  0 WARNING(S),  0 ERROR(S)
