C251 COMPILER V5.60.0,  STC32G_PWM_Isr                                                     14/05/23  10:09:45  PAGE 1   


C251 COMPILER V5.60.0, COMPILATION OF MODULE STC32G_PWM_Isr
OBJECT MODULE PLACED IN .\MDK\Obj\STC32G_PWM_Isr.obj
COMPILER INVOKED BY: D:\Program\Keil_v5\C251\BIN\C251.EXE Driver\Isr\STC32G_PWM_Isr.c XSMALL INTR2 OPTIMIZE(0,SPEED) BRO
                    -WSE INCDIR(.\Driver;.\Driver\Inc;.\Driver\Isr;.\CORE\Inc;.\bsp\include) DEBUG PRINT(.\MDK\List\STC32G_PWM_Isr.lst) TABS(
                    -2) OBJECT(.\MDK\Obj\STC32G_PWM_Isr.obj) 

stmt  level    source

    1          #include "STC32G_PWM.h"
    2          
    3          
    4          void PWMA_ISR() interrupt PWMA_VECTOR
    5          {
    6   1        if(PWMA_SR1 & 0x01)
    7   1        {
    8   2          PWMA_SR1 &= ~0x01;
    9   2        }
   10   1      }


Module Information          Static   Overlayable
------------------------------------------------
  code size            =        52     ------
  ecode size           =    ------     ------
  data size            =    ------     ------
  idata size           =    ------     ------
  pdata size           =    ------     ------
  xdata size           =    ------     ------
  xdata-const size     =    ------     ------
  edata size           =    ------     ------
  bit size             =    ------     ------
  ebit size            =    ------     ------
  bitaddressable size  =    ------     ------
  ebitaddressable size =    ------     ------
  far data size        =    ------     ------
  huge data size       =    ------     ------
  const size           =    ------     ------
  hconst size          =    ------     ------
End of Module Information.


C251 COMPILATION COMPLETE.  0 WARNING(S),  0 ERROR(S)
